<?xml version="1.0" encoding="UTF-8"?>
<testsuite xmlns:xsi="http://www.w3.org/2001/XMLSchema-instance" xsi:noNamespaceSchemaLocation="https://maven.apache.org/surefire/maven-surefire-plugin/xsd/surefire-test-report-3.0.xsd" version="3.0" name="TestSuite" time="12.004" tests="5" errors="0" skipped="0" failures="1">
  <properties>
[...]
</properties>
  <testcase name="Should_Not_Be_Able_To_Create_A_PlayList_with_ExpiredToken" classname="com.spotify.oauth2.tests.PlayListTests" time="7.03">
    <system-out><![CDATA[Starting test :Should_Be_Able_To_Create_A_PlayList
Thread id :17
Starting test :Should_Be_Able_To_get_A_PlayList
Thread id :18
Starting test :Should_Be_Able_To_update_A_PlayList
Thread id :19
Starting test :Should_Not_Be_Able_To_Create_A_PlayList_with_ExpiredToken
Thread id :20
Starting test :Should_Not_Be_Able_To_Create_A_PlayList_without_Name
Thread id :21
Renewing token........
Request method:	POST
Request URI:	https://accounts.spotify.com/api/token
Proxy:			<none>
Request params:	<none>
Query params:	<none>
Form params:	refresh_token=AQC688LGgF-7B5WLUIo-YjebFXCn0j0w_TgmkaP7uPFi1QFhXVYzy3k-UgggJV-madmzDD7KAfQv0phPYJi0D6Q4kebfDg5GYtPJLEw3SY9BSfIJIV8b3b7h1NxoFjjb6mI
				grant_type=refresh_token
				client_secret=79a8f1bbe9ba49ca9904d0c9598d675e
				client_id=ff9cc341a2db472dbcc4ab70a2c6f723
Path params:	<none>
Headers:		Accept=*/*
				Content-Type=application/x-www-form-urlencoded; charset=ISO-8859-1
Cookies:		<none>
Multiparts:		<none>
Body:			<none>
Request method:	POST
Request URI:	https://api.spotify.com/v1/users/31l2v25arsuly27gh2gzulz54354/playlists
Proxy:			<none>
Request params:	<none>
Query params:	<none>
Form params:	<none>
Path params:	<none>
Headers:		Accept=*/*
				Content-Type=application/json; charset=UTF-8
Cookies:		<none>
Multiparts:		<none>
Body:
{
    "description": "Playlist ^1O*qOp&5^Z^#*$e&4*$^#&^**^&ZF",
    "name": "Playlist kvW9S8SS9y",
    "public": false
}
HTTP/1.1 200 OK
date: Tue, 27 Sep 2022 04:44:13 GMT
content-type: application/json
vary: Accept-Encoding
set-cookie: __Host-device_id=AQBawOUj8KW4UiEs2THYyOPcUymjA7RLGDkmScB9hmbGX-zwyHf_XHdVuuLCl6rCodDQdvymBSvZf_AOVJY3Kw0ng23dTSM827Y;Version=1;Path=/;Max-Age=2147483647;Secure;HttpOnly;SameSite=Lax
set-cookie: sp_tr=false;Version=1;Domain=accounts.spotify.com;Path=/;Secure;SameSite=Lax
sp-trace-id: 8368945f51682998
content-encoding: gzip
strict-transport-security: max-age=31536000
x-content-type-options: nosniff
server: envoy
Via: HTTP/2 edgeproxy, 1.1 google
Alt-Svc: h3=":443"; ma=2592000,h3-29=":443"; ma=2592000
Transfer-Encoding: chunked

{
    "access_token": "BQB3CzYsI7Gc3JLy2UWakRNxux9C9HqfXzLM3Nx4tbSF2_iW8HIL1LaGrnkbI7laQr2CYqDStDXEmszU65hVNpbIK7F6m9a12PdI9xeGheV6QLv2j626hWKv1z-Q_zKCyMeYHUH2YbTTAnW0f7oEX6izIMFoLSo0IK0p3_YYdZszBFz1zjJFJ83HSlhxD6pYsfUBuw17GRJSvT5JIaRetJRjkdsuB3LszFf9VxBIZdCu_n24loiMVOy9DUwzipRz8Pz0sZNy9-bNc62K",
    "token_type": "Bearer",
    "expires_in": 3600,
    "scope": "playlist-read-private playlist-read-collaborative playlist-modify-private playlist-modify-public"
}
HTTP/1.1 401 Unauthorized
www-authenticate: Bearer realm="spotify", error="invalid_token", error_description="Invalid access token"
access-control-allow-origin: *
access-control-allow-headers: Accept, App-Platform, Authorization, Content-Type, Origin, Retry-After, Spotify-App-Version, X-Cloud-Trace-Context, client-token, content-access-token
access-control-allow-methods: GET, POST, OPTIONS, PUT, DELETE, PATCH
access-control-allow-credentials: true
access-control-max-age: 604800
content-type: application/json
content-encoding: gzip
strict-transport-security: max-age=31536000
x-content-type-options: nosniff
date: Tue, 27 Sep 2022 04:44:13 GMT
server: envoy
Via: HTTP/2 edgeproxy, 1.1 google
Alt-Svc: h3=":443"; ma=2592000,h3-29=":443"; ma=2592000
Transfer-Encoding: chunked

{
    "error": {
        "status": 401,
        "message": "Invalid access token"
    }
}
]]></system-out>
    <system-err><![CDATA[SLF4J: Failed to load class "org.slf4j.impl.StaticLoggerBinder".
SLF4J: Defaulting to no-operation (NOP) logger implementation
SLF4J: See http://www.slf4j.org/codes.html#StaticLoggerBinder for further details.
]]></system-err>
  </testcase>
  <testcase name="Should_Not_Be_Able_To_Create_A_PlayList_without_Name" classname="com.spotify.oauth2.tests.PlayListTests" time="8.971">
    <system-out><![CDATA[Token is good to use
Token is good to use
Token is good to use
Request method:	PUT
Request URI:	https://api.spotify.com/v1/playlists/08qJE3kn1HrTzAZisoAqLI
Proxy:			<none>
Request params:	<none>
Query params:	<none>
Form params:	<none>
Path params:	<none>
Headers:		Accept=*/*
				Content-Type=application/json; charset=UTF-8
Cookies:		<none>
Multiparts:		<none>
Body:
{
    "description": "Playlist Qt&&Mn#&*#^37*$&^^$$zm*^^&^^*&",
    "name": "Playlist cVo9I2wlQt",
    "public": false
}
Request method:	POST
Request URI:	https://api.spotify.com/v1/users/31l2v25arsuly27gh2gzulz54354/playlists
Proxy:			<none>
Request params:	<none>
Query params:	<none>
Form params:	<none>
Path params:	<none>
Headers:		Accept=*/*
				Content-Type=application/json; charset=UTF-8
Cookies:		<none>
Multiparts:		<none>
Body:
{
    "description": "Playlist &i&^J**FFcc*MA^y^^^^ZQZx7U#k3&",
    "name": "Playlist ub1p9bE9CH",
    "public": false
}
Request method:	POST
Request URI:	https://api.spotify.com/v1/users/31l2v25arsuly27gh2gzulz54354/playlists
Proxy:			<none>
Request params:	<none>
Query params:	<none>
Form params:	<none>
Path params:	<none>
Headers:		Accept=*/*
				Content-Type=application/json; charset=UTF-8
Cookies:		<none>
Multiparts:		<none>
Body:
{
    "description": "Playlist w#*^^Xu1#GU*&$$4#ze&4^*8Q#1&a^",
    "name": "",
    "public": false
}
Request method:	GET
Request URI:	https://api.spotify.com/v1/playlists/7JLPIVkq2WCxFGHMf8zXBo
Proxy:			<none>
Request params:	<none>
Query params:	<none>
Form params:	<none>
Path params:	<none>
Headers:		Accept=*/*
				Content-Type=application/json; charset=UTF-8
Cookies:		<none>
Multiparts:		<none>
Body:			<none>
HTTP/1.1 400 Bad Request
content-type: application/json; charset=utf-8
cache-control: private, max-age=0
x-robots-tag: noindex, nofollow
access-control-allow-origin: *
access-control-allow-headers: Accept, App-Platform, Authorization, Content-Type, Origin, Retry-After, Spotify-App-Version, X-Cloud-Trace-Context, client-token, content-access-token
access-control-allow-methods: GET, POST, OPTIONS, PUT, DELETE, PATCH
access-control-allow-credentials: true
access-control-max-age: 604800
content-encoding: gzip
strict-transport-security: max-age=31536000
x-content-type-options: nosniff
date: Tue, 27 Sep 2022 04:44:16 GMT
server: envoy
Via: HTTP/2 edgeproxy, 1.1 google
Alt-Svc: h3=":443"; ma=2592000,h3-29=":443"; ma=2592000
Transfer-Encoding: chunked

{
    "error": {
        "status": 400,
        "message": "Missing required field: name"
    }
}
]]></system-out>
  </testcase>
  <testcase name="Should_Be_Able_To_update_A_PlayList" classname="com.spotify.oauth2.tests.PlayListTests" time="9.037">
    <failure message="Cannot parse content to class com.spotify.oauth2.pojo.Playlist because no content-type was present in the response and no default parser has been set.&#10;You can specify a default parser using e.g.:&#10;RestAssured.defaultParser = Parser.JSON;&#10;&#10;or you can specify an explicit ObjectMapper using as(class com.spotify.oauth2.pojo.Playlist, &lt;ObjectMapper&gt;);" type="java.lang.IllegalStateException"><![CDATA[java.lang.IllegalStateException: 
Cannot parse content to class com.spotify.oauth2.pojo.Playlist because no content-type was present in the response and no default parser has been set.
You can specify a default parser using e.g.:
RestAssured.defaultParser = Parser.JSON;

or you can specify an explicit ObjectMapper using as(class com.spotify.oauth2.pojo.Playlist, <ObjectMapper>);
	at com.spotify.oauth2.tests.PlayListTests.Should_Be_Able_To_update_A_PlayList(PlayListTests.java:192)
]]></failure>
    <system-out><![CDATA[HTTP/1.1 200 OK
cache-control: private, max-age=0
x-robots-tag: noindex, nofollow
access-control-allow-origin: *
access-control-allow-headers: Accept, App-Platform, Authorization, Content-Type, Origin, Retry-After, Spotify-App-Version, X-Cloud-Trace-Context, client-token, content-access-token
access-control-allow-methods: GET, POST, OPTIONS, PUT, DELETE, PATCH
access-control-allow-credentials: true
access-control-max-age: 604800
Content-Length: 0
strict-transport-security: max-age=31536000
x-content-type-options: nosniff
date: Tue, 27 Sep 2022 04:44:16 GMT
server: envoy
Via: HTTP/2 edgeproxy, 1.1 google
Alt-Svc: h3=":443"; ma=2592000,h3-29=":443"; ma=2592000
]]></system-out>
  </testcase>
  <testcase name="Should_Be_Able_To_get_A_PlayList" classname="com.spotify.oauth2.tests.PlayListTests" time="9.072">
    <system-out><![CDATA[HTTP/1.1 200 OK
content-type: application/json; charset=utf-8
cache-control: public, max-age=0
etag: "MC-IjY3ZmI2YzZhODhlYTk2OTc5NTVmZmQ1OTliNzJjYTJmIg=="
x-robots-tag: noindex, nofollow
access-control-allow-origin: *
access-control-allow-headers: Accept, App-Platform, Authorization, Content-Type, Origin, Retry-After, Spotify-App-Version, X-Cloud-Trace-Context, client-token, content-access-token
access-control-allow-methods: GET, POST, OPTIONS, PUT, DELETE, PATCH
access-control-allow-credentials: true
access-control-max-age: 604800
content-encoding: gzip
strict-transport-security: max-age=31536000
x-content-type-options: nosniff
date: Tue, 27 Sep 2022 04:44:16 GMT
server: envoy
Via: HTTP/2 edgeproxy, 1.1 google
Alt-Svc: h3=":443"; ma=2592000,h3-29=":443"; ma=2592000
Transfer-Encoding: chunked

{
    "collaborative": false,
    "description": "Updated playlist description",
    "external_urls": {
        "spotify": "https://open.spotify.com/playlist/7JLPIVkq2WCxFGHMf8zXBo"
    },
    "followers": {
        "href": null,
        "total": 0
    },
    "href": "https://api.spotify.com/v1/playlists/7JLPIVkq2WCxFGHMf8zXBo",
    "id": "7JLPIVkq2WCxFGHMf8zXBo",
    "images": [
        
    ],
    "name": "Updated Playlist tera bhai",
    "owner": {
        "display_name": "Abhishek Sharma",
        "external_urls": {
            "spotify": "https://open.spotify.com/user/31l2v25arsuly27gh2gzulz54354"
        },
        "href": "https://api.spotify.com/v1/users/31l2v25arsuly27gh2gzulz54354",
        "id": "31l2v25arsuly27gh2gzulz54354",
        "type": "user",
        "uri": "spotify:user:31l2v25arsuly27gh2gzulz54354"
    },
    "primary_color": null,
    "public": false,
    "snapshot_id": "MTcsZDQ4N2E4ZjgyMWZjODM4YTdkZDk3ZjFkN2Q2ZDY3ZDBlMmQ5NTk2Mg==",
    "tracks": {
        "href": "https://api.spotify.com/v1/playlists/7JLPIVkq2WCxFGHMf8zXBo/tracks?offset=0&limit=100",
        "items": [
            
        ],
        "limit": 100,
        "next": null,
        "offset": 0,
        "previous": null,
        "total": 0
    },
    "type": "playlist",
    "uri": "spotify:playlist:7JLPIVkq2WCxFGHMf8zXBo"
}
]]></system-out>
  </testcase>
  <testcase name="Should_Be_Able_To_Create_A_PlayList" classname="com.spotify.oauth2.tests.PlayListTests" time="9.127">
    <system-out><![CDATA[HTTP/1.1 201 Created
content-type: application/json; charset=utf-8
cache-control: private, max-age=0
location: https://api.spotify.com/v1/playlists/6mcXPvpRO3VrmnTysJkYDZ
x-robots-tag: noindex, nofollow
access-control-allow-origin: *
access-control-allow-headers: Accept, App-Platform, Authorization, Content-Type, Origin, Retry-After, Spotify-App-Version, X-Cloud-Trace-Context, client-token, content-access-token
access-control-allow-methods: GET, POST, OPTIONS, PUT, DELETE, PATCH
access-control-allow-credentials: true
access-control-max-age: 604800
content-encoding: gzip
strict-transport-security: max-age=31536000
x-content-type-options: nosniff
date: Tue, 27 Sep 2022 04:44:16 GMT
server: envoy
Via: HTTP/2 edgeproxy, 1.1 google
Alt-Svc: h3=":443"; ma=2592000,h3-29=":443"; ma=2592000
Transfer-Encoding: chunked

{
    "collaborative": false,
    "description": "Playlist &i&^J**FFcc*MA^y^^^^ZQZx7U#k3&",
    "external_urls": {
        "spotify": "https://open.spotify.com/playlist/6mcXPvpRO3VrmnTysJkYDZ"
    },
    "followers": {
        "href": null,
        "total": 0
    },
    "href": "https://api.spotify.com/v1/playlists/6mcXPvpRO3VrmnTysJkYDZ",
    "id": "6mcXPvpRO3VrmnTysJkYDZ",
    "images": [
        
    ],
    "name": "Playlist ub1p9bE9CH",
    "owner": {
        "display_name": "Abhishek Sharma",
        "external_urls": {
            "spotify": "https://open.spotify.com/user/31l2v25arsuly27gh2gzulz54354"
        },
        "href": "https://api.spotify.com/v1/users/31l2v25arsuly27gh2gzulz54354",
        "id": "31l2v25arsuly27gh2gzulz54354",
        "type": "user",
        "uri": "spotify:user:31l2v25arsuly27gh2gzulz54354"
    },
    "primary_color": null,
    "public": false,
    "snapshot_id": "MSxlNzRjMzNiYTI2NTkxZGY2OGRlOGM2NjAyZDZlMjY1OWViZDZjZmRl",
    "tracks": {
        "href": "https://api.spotify.com/v1/playlists/6mcXPvpRO3VrmnTysJkYDZ/tracks",
        "items": [
            
        ],
        "limit": 100,
        "next": null,
        "offset": 0,
        "previous": null,
        "total": 0
    },
    "type": "playlist",
    "uri": "spotify:playlist:6mcXPvpRO3VrmnTysJkYDZ"
}
]]></system-out>
  </testcase>
</testsuite>